0 info it worked if it ends with ok
1 verbose cli [ '/Users/pbalchin/.nvm/versions/node/v6.2.1/bin/node',
1 verbose cli   '/Users/pbalchin/.nvm/versions/node/v6.2.1/bin/npm',
1 verbose cli   'start' ]
2 info using npm@3.9.3
3 info using node@v6.2.1
4 verbose run-script [ 'prestart', 'start', 'poststart' ]
5 info lifecycle maniacalcanvas@0.0.0~prestart: maniacalcanvas@0.0.0
6 silly lifecycle maniacalcanvas@0.0.0~prestart: no script for prestart, continuing
7 info lifecycle maniacalcanvas@0.0.0~start: maniacalcanvas@0.0.0
8 verbose lifecycle maniacalcanvas@0.0.0~start: unsafe-perm in lifecycle true
9 verbose lifecycle maniacalcanvas@0.0.0~start: PATH: /Users/pbalchin/.nvm/versions/node/v6.2.1/lib/node_modules/npm/bin/node-gyp-bin:/Users/pbalchin/workspace/personal/maniacalcanvas/node_modules/.bin:/Users/pbalchin/.nvm/versions/node/v6.2.1/bin:/Users/pbalchin/.nvm/versions/node/v6.2.1/bin:/usr/local/heroku/bin:/Users/pbalchin/.gem/ruby/2.4.0/bin:/Users/pbalchin/.rubies/ruby-2.4.0/lib/ruby/gems/2.4.0/bin:/Users/pbalchin/.rubies/ruby-2.4.0/bin:/Users/pbalchin/bin:/usr/local/bin:/usr/bin:/bin:/usr/sbin:/sbin:/usr/X11/bin
10 verbose lifecycle maniacalcanvas@0.0.0~start: CWD: /Users/pbalchin/workspace/personal/maniacalcanvas
11 silly lifecycle maniacalcanvas@0.0.0~start: Args: [ '-c', 'node ./bin/www' ]
12 silly lifecycle maniacalcanvas@0.0.0~start: Returned: code: 1  signal: null
13 info lifecycle maniacalcanvas@0.0.0~start: Failed to exec start script
14 verbose stack Error: maniacalcanvas@0.0.0 start: `node ./bin/www`
14 verbose stack Exit status 1
14 verbose stack     at EventEmitter.<anonymous> (/Users/pbalchin/.nvm/versions/node/v6.2.1/lib/node_modules/npm/lib/utils/lifecycle.js:245:16)
14 verbose stack     at emitTwo (events.js:106:13)
14 verbose stack     at EventEmitter.emit (events.js:191:7)
14 verbose stack     at ChildProcess.<anonymous> (/Users/pbalchin/.nvm/versions/node/v6.2.1/lib/node_modules/npm/lib/utils/spawn.js:24:14)
14 verbose stack     at emitTwo (events.js:106:13)
14 verbose stack     at ChildProcess.emit (events.js:191:7)
14 verbose stack     at maybeClose (internal/child_process.js:852:16)
14 verbose stack     at Process.ChildProcess._handle.onexit (internal/child_process.js:215:5)
15 verbose pkgid maniacalcanvas@0.0.0
16 verbose cwd /Users/pbalchin/workspace/personal/maniacalcanvas
17 error Darwin 16.7.0
18 error argv "/Users/pbalchin/.nvm/versions/node/v6.2.1/bin/node" "/Users/pbalchin/.nvm/versions/node/v6.2.1/bin/npm" "start"
19 error node v6.2.1
20 error npm  v3.9.3
21 error code ELIFECYCLE
22 error maniacalcanvas@0.0.0 start: `node ./bin/www`
22 error Exit status 1
23 error Failed at the maniacalcanvas@0.0.0 start script 'node ./bin/www'.
23 error Make sure you have the latest version of node.js and npm installed.
23 error If you do, this is most likely a problem with the maniacalcanvas package,
23 error not with npm itself.
23 error Tell the author that this fails on your system:
23 error     node ./bin/www
23 error You can get information on how to open an issue for this project with:
23 error     npm bugs maniacalcanvas
23 error Or if that isn't available, you can get their info via:
23 error     npm owner ls maniacalcanvas
23 error There is likely additional logging output above.
24 verbose exit [ 1, true ]
